00:00:00.018504 main     VirtualBox XPCOM Server 6.1.34 r150636 linux.amd64 (May 30 2022 06:37:05) release log
00:00:00.018507 main     Log opened 2022-07-11T13:01:56.521382000Z
00:00:00.018508 main     Build Type: release
00:00:00.018511 main     OS Product: Linux
00:00:00.018512 main     OS Release: 5.15.52-1-lts
00:00:00.018513 main     OS Version: #1 SMP Sat, 02 Jul 2022 20:04:03 +0000
00:00:00.018542 main     DMI Product Name: Inspiron 3501
00:00:00.018550 main     DMI Product Version: 
00:00:00.018556 main     Firmware type: UEFI
00:00:00.019168 main     Secure Boot: Disabled
00:00:00.019216 main     Host RAM: 7678MB (7.4GB) total, 7100MB (6.9GB) available
00:00:00.019219 main     Executable: /usr/lib/virtualbox/VBoxSVC
00:00:00.019220 main     Process ID: 5689
00:00:00.019221 main     Package type: LINUX_64BITS_GENERIC (OSE)
00:00:00.021206 main     IPC socket path: /tmp/.vbox-manish-ipc/ipcd
00:00:00.148326 nspr-2   VirtualBox: object creation starts
00:00:00.148450 nspr-2   Home directory: '/home/manish/.config/VirtualBox'
00:00:00.161543 nspr-2   Loading settings file "/home/manish/.config/VirtualBox/VirtualBox.xml" with version "1.12-linux"
00:00:00.168870 nspr-2   USB: Unknown USB device detected (idVendor: 0x0cf3, idProduct: 0xe009)
00:00:00.169175 nspr-2   Successfully initialised host USB using sysfs
00:00:00.195070 nspr-2   NetIfAdpCtlOut: VBoxNetAdpCtl: Error while retrieving link speed for wlp2s0: VBoxNetAdpCtl: ioctl failed: Operation not supported
00:00:00.196420 nspr-2   HostDnsMonitor: initializing
00:00:00.196874 nspr-2   NAT: resolv.conf: nameserver 192.168.1.1
00:00:00.196899 nspr-2   HostDnsMonitor: updating information
00:00:00.196921 nspr-2   HostDnsMonitor: old information
00:00:00.196924 nspr-2     no server entries
00:00:00.196928 nspr-2     no domain set
00:00:00.196931 nspr-2     no search string entries
00:00:00.196934 nspr-2   HostDnsMonitor: new information
00:00:00.196936 nspr-2     server 1: 192.168.1.1
00:00:00.196940 nspr-2     domain: Home
00:00:00.196943 nspr-2     search string 1: Home
00:00:00.215092 nspr-2   VD: VDInit finished with VINF_SUCCESS
00:00:00.276240 nspr-2   Loading settings file "/home/manish/VirtualBox VMs/Arch/Arch.vbox" with version "1.16-linux"
00:00:00.278216 nspr-2   VirtualBox: object created
00:00:20.603693 nspr-3   Launched VM: 805312528 pid: 5813 (0x16b5) frontend: GUI/Qt name: Arch
00:00:21.539003 nspr-3   ERROR [COM]: aRC=VBOX_E_OBJECT_NOT_FOUND (0x80bb0001) aIID={70401eef-c8e9-466b-9660-45cb3e9979e4} aComponent={ExtPackManagerWrap} aText={No extension pack by the name 'Oracle VM VirtualBox Extension Pack' was found}, preserve=false aResultDetail=0
00:00:21.576923 nspr-6   ERROR [COM]: aRC=VBOX_E_IPRT_ERROR (0x80bb0005) aIID={85632c68-b5bb-4316-a900-5eb28d3413df} aComponent={SessionMachine} aText={Saved screenshot data is not available (VERR_NOT_SUPPORTED)}, preserve=false aResultDetail=-37
00:00:21.596172 nspr-6   NetIfAdpCtlOut: VBoxNetAdpCtl: Error while retrieving link speed for wlp2s0: VBoxNetAdpCtl: ioctl failed: Operation not supported
00:00:25.573404 nspr-5   Saving settings file "/home/manish/.config/VirtualBox/VirtualBox.xml" with version "1.12-linux"
00:00:25.649133 nspr-8   Saving settings file "/home/manish/.config/VirtualBox/VirtualBox.xml" with version "1.12-linux"
00:00:25.736148 nspr-9   Saving settings file "/home/manish/.config/VirtualBox/VirtualBox.xml" with version "1.12-linux"
00:02:37.733529 nspr-9   Saving settings file "/home/manish/VirtualBox VMs/Arch/Arch.vbox" with version "1.16-linux"
00:02:37.816468 nspr-4   Saving settings file "/home/manish/VirtualBox VMs/Arch/Arch.vbox" with version "1.16-linux"
00:02:39.440473 nspr-9   Saving settings file "/home/manish/.config/VirtualBox/VirtualBox.xml" with version "1.12-linux"
00:02:40.423721 nspr-8   Saving settings file "/home/manish/.config/VirtualBox/VirtualBox.xml" with version "1.12-linux"
00:02:40.516377 nspr-10  Saving settings file "/home/manish/.config/VirtualBox/VirtualBox.xml" with version "1.12-linux"
00:02:46.110155 main     VirtualBox: object deletion starts
00:02:46.110198 main     ERROR [COM]: aRC=VBOX_E_OBJECT_IN_USE (0x80bb000c) aIID={ad47ad09-787b-44ab-b343-a082a3f2dfb1} aComponent={MediumWrap} aText={Medium '/home/manish/VirtualBox VMs/Arch/Arch.vdi' cannot be closed because it is still attached to 1 virtual machines}, preserve=false aResultDetail=0
00:02:46.110615 main     HostDnsMonitor: shutting down ...
00:02:46.142798 main     HostDnsMonitor: shut down
00:02:46.240714 Watcher  ERROR [COM]: aRC=E_ACCESSDENIED (0x80070005) aIID={d0a0163f-e254-4e5b-a1f2-011cf991c38d} aComponent={VirtualBoxWrap} aText={The object is not ready}, preserve=false aResultDetail=0
00:02:51.182919 main     {00007faa34019490} HostPowerServiceLinux::~HostPowerServiceLinux: RTThreadWait() for 5000 ms failed with VERR_TIMEOUT
00:02:51.183361 main     VirtualBox: object deleted
